INFO: checking out_of_order...
INFO:     out_of_order check complete (0.001122 sec).
INFO: checking system...
INFO:     system check complete (0.000049 sec).
INFO: checking solvers...
INFO:     solvers check complete (0.000284 sec).
INFO: checking dup_inputs...
INFO:     dup_inputs check complete (0.000067 sec).
INFO: checking missing_recorders...
INFO:     missing_recorders check complete (0.000013 sec).
INFO: checking unserializable_options...
INFO:     unserializable_options check complete (0.000727 sec).
INFO: checking comp_has_no_outputs...
INFO:     comp_has_no_outputs check complete (0.000100 sec).
INFO: checking auto_ivc_warnings...
INFO:     auto_ivc_warnings check complete (0.000007 sec).
INFO: checking out_of_order...
INFO:     out_of_order check complete (0.000226 sec).
INFO: checking system...
INFO:     system check complete (0.000030 sec).
INFO: checking solvers...
INFO:     solvers check complete (0.000212 sec).
INFO: checking dup_inputs...
INFO:     dup_inputs check complete (0.000074 sec).
INFO: checking missing_recorders...
INFO:     missing_recorders check complete (0.000008 sec).
INFO: checking unserializable_options...
INFO:     unserializable_options check complete (0.000176 sec).
INFO: checking comp_has_no_outputs...
INFO:     comp_has_no_outputs check complete (0.000061 sec).
INFO: checking auto_ivc_warnings...
INFO:     auto_ivc_warnings check complete (0.000011 sec).
INFO: checking out_of_order...
INFO:     out_of_order check complete (0.002102 sec).
INFO: checking system...
INFO:     system check complete (0.000126 sec).
INFO: checking solvers...
INFO:     solvers check complete (0.000294 sec).
INFO: checking dup_inputs...
INFO:     dup_inputs check complete (0.000056 sec).
INFO: checking missing_recorders...
INFO:     missing_recorders check complete (0.000022 sec).
INFO: checking unserializable_options...
INFO:     unserializable_options check complete (0.001749 sec).
INFO: checking comp_has_no_outputs...
INFO:     comp_has_no_outputs check complete (0.000175 sec).
INFO: checking auto_ivc_warnings...
INFO:     auto_ivc_warnings check complete (0.000014 sec).
INFO: checking out_of_order...
INFO:     out_of_order check complete (0.000212 sec).
INFO: checking system...
INFO:     system check complete (0.000068 sec).
INFO: checking solvers...
INFO:     solvers check complete (0.000201 sec).
INFO: checking dup_inputs...
INFO:     dup_inputs check complete (0.000040 sec).
INFO: checking missing_recorders...
INFO:     missing_recorders check complete (0.000008 sec).
INFO: checking unserializable_options...
INFO:     unserializable_options check complete (0.000268 sec).
INFO: checking comp_has_no_outputs...
INFO:     comp_has_no_outputs check complete (0.000089 sec).
INFO: checking auto_ivc_warnings...
INFO:     auto_ivc_warnings check complete (0.000007 sec).
INFO: checking out_of_order...
INFO:     out_of_order check complete (0.007845 sec).
INFO: checking system...
INFO:     system check complete (0.000062 sec).
INFO: checking solvers...
INFO:     solvers check complete (0.000222 sec).
INFO: checking dup_inputs...
INFO:     dup_inputs check complete (0.000047 sec).
INFO: checking missing_recorders...
INFO:     missing_recorders check complete (0.000016 sec).
INFO: checking unserializable_options...
INFO:     unserializable_options check complete (0.014577 sec).
INFO: checking comp_has_no_outputs...
INFO:     comp_has_no_outputs check complete (0.000104 sec).
INFO: checking auto_ivc_warnings...
INFO:     auto_ivc_warnings check complete (0.000005 sec).
INFO: checking out_of_order...
INFO:     out_of_order check complete (0.000266 sec).
INFO: checking system...
INFO:     system check complete (0.000037 sec).
INFO: checking solvers...
INFO:     solvers check complete (0.000240 sec).
INFO: checking dup_inputs...
INFO:     dup_inputs check complete (0.000049 sec).
INFO: checking missing_recorders...
INFO:     missing_recorders check complete (0.000007 sec).
INFO: checking unserializable_options...
INFO:     unserializable_options check complete (0.000240 sec).
INFO: checking comp_has_no_outputs...
INFO:     comp_has_no_outputs check complete (0.000065 sec).
INFO: checking auto_ivc_warnings...
INFO:     auto_ivc_warnings check complete (0.000006 sec).
INFO: checking out_of_order...
INFO:     out_of_order check complete (0.000231 sec).
INFO: checking system...
INFO:     system check complete (0.000031 sec).
INFO: checking solvers...
INFO:     solvers check complete (0.000249 sec).
INFO: checking dup_inputs...
INFO:     dup_inputs check complete (0.000040 sec).
INFO: checking missing_recorders...
INFO:     missing_recorders check complete (0.000005 sec).
INFO: checking unserializable_options...
INFO:     unserializable_options check complete (0.000285 sec).
INFO: checking comp_has_no_outputs...
INFO:     comp_has_no_outputs check complete (0.000067 sec).
INFO: checking auto_ivc_warnings...
INFO:     auto_ivc_warnings check complete (0.000005 sec).
INFO: checking out_of_order...
INFO:     out_of_order check complete (0.000232 sec).
INFO: checking system...
INFO:     system check complete (0.000023 sec).
INFO: checking solvers...
INFO:     solvers check complete (0.000238 sec).
INFO: checking dup_inputs...
INFO:     dup_inputs check complete (0.000055 sec).
INFO: checking missing_recorders...
INFO:     missing_recorders check complete (0.000006 sec).
INFO: checking unserializable_options...
INFO:     unserializable_options check complete (0.000242 sec).
INFO: checking comp_has_no_outputs...
INFO:     comp_has_no_outputs check complete (0.000055 sec).
INFO: checking auto_ivc_warnings...
INFO:     auto_ivc_warnings check complete (0.000007 sec).
INFO: checking out_of_order...
INFO:     out_of_order check complete (0.002349 sec).
INFO: checking system...
INFO:     system check complete (0.000210 sec).
INFO: checking solvers...
INFO:     solvers check complete (0.000568 sec).
INFO: checking dup_inputs...
INFO:     dup_inputs check complete (0.000204 sec).
INFO: checking missing_recorders...
INFO:     missing_recorders check complete (0.000154 sec).
INFO: checking unserializable_options...
INFO:     unserializable_options check complete (0.002474 sec).
INFO: checking comp_has_no_outputs...
INFO:     comp_has_no_outputs check complete (0.000430 sec).
INFO: checking auto_ivc_warnings...
INFO:     auto_ivc_warnings check complete (0.000009 sec).
INFO: checking out_of_order...
INFO:     out_of_order check complete (0.000624 sec).
INFO: checking system...
INFO:     system check complete (0.000075 sec).
INFO: checking solvers...
INFO:     solvers check complete (0.000496 sec).
INFO: checking dup_inputs...
INFO:     dup_inputs check complete (0.000118 sec).
INFO: checking missing_recorders...
INFO:     missing_recorders check complete (0.000016 sec).
INFO: checking unserializable_options...
INFO:     unserializable_options check complete (0.000476 sec).
INFO: checking comp_has_no_outputs...
INFO:     comp_has_no_outputs check complete (0.000148 sec).
INFO: checking auto_ivc_warnings...
INFO:     auto_ivc_warnings check complete (0.000011 sec).
INFO: checking out_of_order...
INFO:     out_of_order check complete (0.000639 sec).
INFO: checking system...
INFO:     system check complete (0.000106 sec).
INFO: checking solvers...
INFO:     solvers check complete (0.000567 sec).
INFO: checking dup_inputs...
INFO:     dup_inputs check complete (0.000136 sec).
INFO: checking missing_recorders...
INFO:     missing_recorders check complete (0.000038 sec).
INFO: checking unserializable_options...
INFO:     unserializable_options check complete (0.000565 sec).
INFO: checking comp_has_no_outputs...
INFO:     comp_has_no_outputs check complete (0.000174 sec).
INFO: checking auto_ivc_warnings...
INFO:     auto_ivc_warnings check complete (0.000010 sec).
INFO: checking out_of_order...
INFO:     out_of_order check complete (0.000452 sec).
INFO: checking system...
INFO:     system check complete (0.000067 sec).
INFO: checking solvers...
INFO:     solvers check complete (0.000372 sec).
INFO: checking dup_inputs...
INFO:     dup_inputs check complete (0.000113 sec).
INFO: checking missing_recorders...
INFO:     missing_recorders check complete (0.000010 sec).
INFO: checking unserializable_options...
INFO:     unserializable_options check complete (0.000469 sec).
INFO: checking comp_has_no_outputs...
INFO:     comp_has_no_outputs check complete (0.000191 sec).
INFO: checking auto_ivc_warnings...
INFO:     auto_ivc_warnings check complete (0.000013 sec).
INFO: checking out_of_order...
INFO:     out_of_order check complete (0.000575 sec).
INFO: checking system...
INFO:     system check complete (0.000051 sec).
INFO: checking solvers...
INFO:     solvers check complete (0.000304 sec).
INFO: checking dup_inputs...
INFO:     dup_inputs check complete (0.000076 sec).
INFO: checking missing_recorders...
INFO:     missing_recorders check complete (0.000007 sec).
INFO: checking unserializable_options...
INFO:     unserializable_options check complete (0.000319 sec).
INFO: checking comp_has_no_outputs...
INFO:     comp_has_no_outputs check complete (0.000099 sec).
INFO: checking auto_ivc_warnings...
INFO:     auto_ivc_warnings check complete (0.000008 sec).
INFO: checking out_of_order...
INFO:     out_of_order check complete (0.000352 sec).
INFO: checking system...
INFO:     system check complete (0.000034 sec).
INFO: checking solvers...
INFO:     solvers check complete (0.000246 sec).
INFO: checking dup_inputs...
INFO:     dup_inputs check complete (0.000065 sec).
INFO: checking missing_recorders...
INFO:     missing_recorders check complete (0.000008 sec).
INFO: checking unserializable_options...
INFO:     unserializable_options check complete (0.000355 sec).
INFO: checking comp_has_no_outputs...
INFO:     comp_has_no_outputs check complete (0.000082 sec).
INFO: checking auto_ivc_warnings...
INFO:     auto_ivc_warnings check complete (0.000010 sec).
INFO: checking out_of_order...
INFO:     out_of_order check complete (0.000523 sec).
INFO: checking system...
INFO:     system check complete (0.000050 sec).
INFO: checking solvers...
INFO:     solvers check complete (0.000274 sec).
INFO: checking dup_inputs...
INFO:     dup_inputs check complete (0.000081 sec).
INFO: checking missing_recorders...
INFO:     missing_recorders check complete (0.000007 sec).
INFO: checking unserializable_options...
INFO:     unserializable_options check complete (0.000433 sec).
INFO: checking comp_has_no_outputs...
INFO:     comp_has_no_outputs check complete (0.000079 sec).
INFO: checking auto_ivc_warnings...
INFO:     auto_ivc_warnings check complete (0.000006 sec).
INFO: checking out_of_order...
INFO:     out_of_order check complete (0.000440 sec).
INFO: checking system...
INFO:     system check complete (0.000044 sec).
INFO: checking solvers...
INFO:     solvers check complete (0.000246 sec).
INFO: checking dup_inputs...
INFO:     dup_inputs check complete (0.000086 sec).
INFO: checking missing_recorders...
INFO:     missing_recorders check complete (0.000008 sec).
INFO: checking unserializable_options...
INFO:     unserializable_options check complete (0.000345 sec).
INFO: checking comp_has_no_outputs...
INFO:     comp_has_no_outputs check complete (0.000119 sec).
INFO: checking auto_ivc_warnings...
INFO:     auto_ivc_warnings check complete (0.000009 sec).
INFO: checking out_of_order...
INFO:     out_of_order check complete (0.001154 sec).
INFO: checking system...
INFO:     system check complete (0.000109 sec).
INFO: checking solvers...
INFO:     solvers check complete (0.000657 sec).
INFO: checking dup_inputs...
INFO:     dup_inputs check complete (0.000153 sec).
INFO: checking missing_recorders...
INFO:     missing_recorders check complete (0.000239 sec).
INFO: checking unserializable_options...
INFO:     unserializable_options check complete (0.001166 sec).
INFO: checking comp_has_no_outputs...
INFO:     comp_has_no_outputs check complete (0.000272 sec).
INFO: checking auto_ivc_warnings...
INFO:     auto_ivc_warnings check complete (0.000008 sec).
INFO: checking out_of_order...
INFO:     out_of_order check complete (0.000625 sec).
INFO: checking system...
INFO:     system check complete (0.000079 sec).
INFO: checking solvers...
INFO:     solvers check complete (0.000336 sec).
INFO: checking dup_inputs...
INFO:     dup_inputs check complete (0.000087 sec).
INFO: checking missing_recorders...
INFO:     missing_recorders check complete (0.000008 sec).
INFO: checking unserializable_options...
INFO:     unserializable_options check complete (0.000532 sec).
INFO: checking comp_has_no_outputs...
INFO:     comp_has_no_outputs check complete (0.000121 sec).
INFO: checking auto_ivc_warnings...
INFO:     auto_ivc_warnings check complete (0.000010 sec).
INFO: checking out_of_order...
INFO:     out_of_order check complete (0.000526 sec).
INFO: checking system...
INFO:     system check complete (0.000045 sec).
INFO: checking solvers...
INFO:     solvers check complete (0.000291 sec).
INFO: checking dup_inputs...
INFO:     dup_inputs check complete (0.000076 sec).
INFO: checking missing_recorders...
INFO:     missing_recorders check complete (0.000010 sec).
INFO: checking unserializable_options...
INFO:     unserializable_options check complete (0.001090 sec).
INFO: checking comp_has_no_outputs...
INFO:     comp_has_no_outputs check complete (0.000102 sec).
INFO: checking auto_ivc_warnings...
INFO:     auto_ivc_warnings check complete (0.000007 sec).
INFO: checking out_of_order...
INFO:     out_of_order check complete (0.000302 sec).
INFO: checking system...
INFO:     system check complete (0.000024 sec).
INFO: checking solvers...
INFO:     solvers check complete (0.000238 sec).
INFO: checking dup_inputs...
INFO:     dup_inputs check complete (0.000079 sec).
INFO: checking missing_recorders...
INFO:     missing_recorders check complete (0.000007 sec).
INFO: checking unserializable_options...
INFO:     unserializable_options check complete (0.000286 sec).
INFO: checking comp_has_no_outputs...
INFO:     comp_has_no_outputs check complete (0.000071 sec).
INFO: checking auto_ivc_warnings...
INFO:     auto_ivc_warnings check complete (0.000005 sec).
INFO: checking out_of_order...
INFO:     out_of_order check complete (0.000674 sec).
INFO: checking system...
INFO:     system check complete (0.000071 sec).
INFO: checking solvers...
INFO:     solvers check complete (0.000289 sec).
INFO: checking dup_inputs...
INFO:     dup_inputs check complete (0.000083 sec).
INFO: checking missing_recorders...
INFO:     missing_recorders check complete (0.000010 sec).
INFO: checking unserializable_options...
INFO:     unserializable_options check complete (0.001375 sec).
INFO: checking comp_has_no_outputs...
INFO:     comp_has_no_outputs check complete (0.000103 sec).
INFO: checking auto_ivc_warnings...
INFO:     auto_ivc_warnings check complete (0.000007 sec).
INFO: checking out_of_order...
INFO:     out_of_order check complete (0.000566 sec).
INFO: checking system...
INFO:     system check complete (0.000045 sec).
INFO: checking solvers...
INFO:     solvers check complete (0.000305 sec).
INFO: checking dup_inputs...
INFO:     dup_inputs check complete (0.000093 sec).
INFO: checking missing_recorders...
INFO:     missing_recorders check complete (0.000008 sec).
INFO: checking unserializable_options...
INFO:     unserializable_options check complete (0.000332 sec).
INFO: checking comp_has_no_outputs...
INFO:     comp_has_no_outputs check complete (0.000098 sec).
INFO: checking auto_ivc_warnings...
INFO:     auto_ivc_warnings check complete (0.000007 sec).
INFO: checking out_of_order...
INFO:     out_of_order check complete (0.003254 sec).
INFO: checking system...
INFO:     system check complete (0.000234 sec).
INFO: checking solvers...
INFO:     solvers check complete (0.000823 sec).
INFO: checking dup_inputs...
INFO:     dup_inputs check complete (0.000102 sec).
INFO: checking missing_recorders...
INFO:     missing_recorders check complete (0.000053 sec).
INFO: checking unserializable_options...
INFO:     unserializable_options check complete (0.002300 sec).
INFO: checking comp_has_no_outputs...
INFO:     comp_has_no_outputs check complete (0.000339 sec).
INFO: checking auto_ivc_warnings...
INFO:     auto_ivc_warnings check complete (0.000013 sec).
INFO: checking out_of_order...
INFO:     out_of_order check complete (0.000428 sec).
INFO: checking system...
INFO:     system check complete (0.000076 sec).
INFO: checking solvers...
INFO:     solvers check complete (0.000438 sec).
INFO: checking dup_inputs...
INFO:     dup_inputs check complete (0.000101 sec).
INFO: checking missing_recorders...
INFO:     missing_recorders check complete (0.000010 sec).
INFO: checking unserializable_options...
INFO:     unserializable_options check complete (0.000404 sec).
INFO: checking comp_has_no_outputs...
INFO:     comp_has_no_outputs check complete (0.000101 sec).
INFO: checking auto_ivc_warnings...
INFO:     auto_ivc_warnings check complete (0.000011 sec).
INFO: checking out_of_order...
INFO:     out_of_order check complete (0.000469 sec).
INFO: checking system...
INFO:     system check complete (0.000072 sec).
INFO: checking solvers...
INFO:     solvers check complete (0.000348 sec).
INFO: checking dup_inputs...
INFO:     dup_inputs check complete (0.000103 sec).
INFO: checking missing_recorders...
INFO:     missing_recorders check complete (0.000015 sec).
INFO: checking unserializable_options...
INFO:     unserializable_options check complete (0.001544 sec).
INFO: checking comp_has_no_outputs...
INFO:     comp_has_no_outputs check complete (0.000129 sec).
INFO: checking auto_ivc_warnings...
INFO:     auto_ivc_warnings check complete (0.000009 sec).
INFO: checking out_of_order...
INFO:     out_of_order check complete (0.000384 sec).
INFO: checking system...
INFO:     system check complete (0.000068 sec).
INFO: checking solvers...
INFO:     solvers check complete (0.000487 sec).
INFO: checking dup_inputs...
INFO:     dup_inputs check complete (0.000101 sec).
INFO: checking missing_recorders...
INFO:     missing_recorders check complete (0.000013 sec).
INFO: checking unserializable_options...
INFO:     unserializable_options check complete (0.000427 sec).
INFO: checking comp_has_no_outputs...
INFO:     comp_has_no_outputs check complete (0.000123 sec).
INFO: checking auto_ivc_warnings...
INFO:     auto_ivc_warnings check complete (0.000010 sec).
INFO: checking out_of_order...
INFO:     out_of_order check complete (0.004130 sec).
INFO: checking system...
INFO:     system check complete (0.000155 sec).
INFO: checking solvers...
INFO:     solvers check complete (0.000566 sec).
INFO: checking dup_inputs...
INFO:     dup_inputs check complete (0.000141 sec).
INFO: checking missing_recorders...
INFO:     missing_recorders check complete (0.000154 sec).
INFO: checking unserializable_options...
INFO:     unserializable_options check complete (0.009026 sec).
INFO: checking comp_has_no_outputs...
INFO:     comp_has_no_outputs check complete (0.000506 sec).
INFO: checking auto_ivc_warnings...
INFO:     auto_ivc_warnings check complete (0.000015 sec).
INFO: checking out_of_order...
INFO:     out_of_order check complete (0.001391 sec).
INFO: checking system...
INFO:     system check complete (0.000053 sec).
INFO: checking solvers...
INFO:     solvers check complete (0.000344 sec).
INFO: checking dup_inputs...
INFO:     dup_inputs check complete (0.000095 sec).
INFO: checking missing_recorders...
INFO:     missing_recorders check complete (0.000010 sec).
INFO: checking unserializable_options...
INFO:     unserializable_options check complete (0.000328 sec).
INFO: checking comp_has_no_outputs...
INFO:     comp_has_no_outputs check complete (0.000095 sec).
INFO: checking auto_ivc_warnings...
INFO:     auto_ivc_warnings check complete (0.000009 sec).
