INFO: checking out_of_order...
INFO:     out_of_order check complete (0.000996 sec).
INFO: checking system...
INFO:     system check complete (0.000061 sec).
INFO: checking solvers...
INFO:     solvers check complete (0.000439 sec).
INFO: checking dup_inputs...
INFO:     dup_inputs check complete (0.000086 sec).
INFO: checking missing_recorders...
INFO:     missing_recorders check complete (0.000015 sec).
INFO: checking unserializable_options...
INFO:     unserializable_options check complete (0.001311 sec).
INFO: checking comp_has_no_outputs...
INFO:     comp_has_no_outputs check complete (0.000094 sec).
INFO: checking auto_ivc_warnings...
INFO:     auto_ivc_warnings check complete (0.000011 sec).
INFO: checking out_of_order...
INFO:     out_of_order check complete (0.000503 sec).
INFO: checking system...
INFO:     system check complete (0.000058 sec).
INFO: checking solvers...
INFO:     solvers check complete (0.000322 sec).
INFO: checking dup_inputs...
INFO:     dup_inputs check complete (0.000083 sec).
INFO: checking missing_recorders...
INFO:     missing_recorders check complete (0.000009 sec).
INFO: checking unserializable_options...
INFO:     unserializable_options check complete (0.000235 sec).
INFO: checking comp_has_no_outputs...
INFO:     comp_has_no_outputs check complete (0.000066 sec).
INFO: checking auto_ivc_warnings...
INFO:     auto_ivc_warnings check complete (0.000016 sec).
INFO: checking out_of_order...
INFO:     out_of_order check complete (0.000351 sec).
INFO: checking system...
INFO:     system check complete (0.000039 sec).
INFO: checking solvers...
INFO:     solvers check complete (0.000251 sec).
INFO: checking dup_inputs...
INFO:     dup_inputs check complete (0.000072 sec).
INFO: checking missing_recorders...
INFO:     missing_recorders check complete (0.000006 sec).
INFO: checking unserializable_options...
INFO:     unserializable_options check complete (0.000288 sec).
INFO: checking comp_has_no_outputs...
INFO:     comp_has_no_outputs check complete (0.000109 sec).
INFO: checking auto_ivc_warnings...
INFO:     auto_ivc_warnings check complete (0.000009 sec).
INFO: checking out_of_order...
INFO:     out_of_order check complete (0.000439 sec).
INFO: checking system...
INFO:     system check complete (0.000054 sec).
INFO: checking solvers...
INFO:     solvers check complete (0.000321 sec).
INFO: checking dup_inputs...
INFO:     dup_inputs check complete (0.000082 sec).
INFO: checking missing_recorders...
INFO:     missing_recorders check complete (0.000007 sec).
INFO: checking unserializable_options...
INFO:     unserializable_options check complete (0.000284 sec).
INFO: checking comp_has_no_outputs...
INFO:     comp_has_no_outputs check complete (0.000072 sec).
INFO: checking auto_ivc_warnings...
INFO:     auto_ivc_warnings check complete (0.000008 sec).
INFO: checking out_of_order...
INFO:     out_of_order check complete (0.000665 sec).
INFO: checking system...
INFO:     system check complete (0.000058 sec).
INFO: checking solvers...
INFO:     solvers check complete (0.000264 sec).
INFO: checking dup_inputs...
INFO:     dup_inputs check complete (0.000105 sec).
INFO: checking missing_recorders...
INFO:     missing_recorders check complete (0.000012 sec).
INFO: checking unserializable_options...
INFO:     unserializable_options check complete (0.000342 sec).
INFO: checking comp_has_no_outputs...
INFO:     comp_has_no_outputs check complete (0.000109 sec).
INFO: checking auto_ivc_warnings...
INFO:     auto_ivc_warnings check complete (0.000010 sec).
INFO: checking out_of_order...
INFO:     out_of_order check complete (0.000356 sec).
INFO: checking system...
INFO:     system check complete (0.000047 sec).
INFO: checking solvers...
INFO:     solvers check complete (0.000346 sec).
INFO: checking dup_inputs...
INFO:     dup_inputs check complete (0.000084 sec).
INFO: checking missing_recorders...
INFO:     missing_recorders check complete (0.000007 sec).
INFO: checking unserializable_options...
INFO:     unserializable_options check complete (0.000296 sec).
INFO: checking comp_has_no_outputs...
INFO:     comp_has_no_outputs check complete (0.000166 sec).
INFO: checking auto_ivc_warnings...
INFO:     auto_ivc_warnings check complete (0.000007 sec).
INFO: checking out_of_order...
INFO:     out_of_order check complete (0.000426 sec).
INFO: checking system...
INFO:     system check complete (0.000053 sec).
INFO: checking solvers...
INFO:     solvers check complete (0.000351 sec).
INFO: checking dup_inputs...
INFO:     dup_inputs check complete (0.000075 sec).
INFO: checking missing_recorders...
INFO:     missing_recorders check complete (0.000008 sec).
INFO: checking unserializable_options...
INFO:     unserializable_options check complete (0.000353 sec).
INFO: checking comp_has_no_outputs...
INFO:     comp_has_no_outputs check complete (0.000066 sec).
INFO: checking auto_ivc_warnings...
INFO:     auto_ivc_warnings check complete (0.000011 sec).
INFO: checking out_of_order...
INFO:     out_of_order check complete (0.000342 sec).
INFO: checking system...
INFO:     system check complete (0.000049 sec).
INFO: checking solvers...
INFO:     solvers check complete (0.000249 sec).
INFO: checking dup_inputs...
INFO:     dup_inputs check complete (0.000059 sec).
INFO: checking missing_recorders...
INFO:     missing_recorders check complete (0.000008 sec).
INFO: checking unserializable_options...
INFO:     unserializable_options check complete (0.000343 sec).
INFO: checking comp_has_no_outputs...
INFO:     comp_has_no_outputs check complete (0.000072 sec).
INFO: checking auto_ivc_warnings...
INFO:     auto_ivc_warnings check complete (0.000010 sec).
INFO: checking out_of_order...
INFO:     out_of_order check complete (0.000409 sec).
INFO: checking system...
INFO:     system check complete (0.000033 sec).
INFO: checking solvers...
INFO:     solvers check complete (0.000288 sec).
INFO: checking dup_inputs...
INFO:     dup_inputs check complete (0.000062 sec).
INFO: checking missing_recorders...
INFO:     missing_recorders check complete (0.000027 sec).
INFO: checking unserializable_options...
INFO:     unserializable_options check complete (0.000335 sec).
INFO: checking comp_has_no_outputs...
INFO:     comp_has_no_outputs check complete (0.000084 sec).
INFO: checking auto_ivc_warnings...
INFO:     auto_ivc_warnings check complete (0.000008 sec).
INFO: checking out_of_order...
INFO:     out_of_order check complete (0.000430 sec).
INFO: checking system...
INFO:     system check complete (0.000038 sec).
INFO: checking solvers...
INFO:     solvers check complete (0.000317 sec).
INFO: checking dup_inputs...
INFO:     dup_inputs check complete (0.000063 sec).
INFO: checking missing_recorders...
INFO:     missing_recorders check complete (0.000008 sec).
INFO: checking unserializable_options...
INFO:     unserializable_options check complete (0.000323 sec).
INFO: checking comp_has_no_outputs...
INFO:     comp_has_no_outputs check complete (0.000063 sec).
INFO: checking auto_ivc_warnings...
INFO:     auto_ivc_warnings check complete (0.000008 sec).
INFO: checking out_of_order...
INFO:     out_of_order check complete (0.000398 sec).
INFO: checking system...
INFO:     system check complete (0.000042 sec).
INFO: checking solvers...
INFO:     solvers check complete (0.000261 sec).
INFO: checking dup_inputs...
INFO:     dup_inputs check complete (0.000070 sec).
INFO: checking missing_recorders...
INFO:     missing_recorders check complete (0.000009 sec).
INFO: checking unserializable_options...
INFO:     unserializable_options check complete (0.000304 sec).
INFO: checking comp_has_no_outputs...
INFO:     comp_has_no_outputs check complete (0.000073 sec).
INFO: checking auto_ivc_warnings...
INFO:     auto_ivc_warnings check complete (0.000008 sec).
INFO: checking out_of_order...
INFO:     out_of_order check complete (0.000307 sec).
INFO: checking system...
INFO:     system check complete (0.000039 sec).
INFO: checking solvers...
INFO:     solvers check complete (0.000322 sec).
INFO: checking dup_inputs...
INFO:     dup_inputs check complete (0.000083 sec).
INFO: checking missing_recorders...
INFO:     missing_recorders check complete (0.000007 sec).
INFO: checking unserializable_options...
INFO:     unserializable_options check complete (0.000275 sec).
INFO: checking comp_has_no_outputs...
INFO:     comp_has_no_outputs check complete (0.000081 sec).
INFO: checking auto_ivc_warnings...
INFO:     auto_ivc_warnings check complete (0.000006 sec).
INFO: checking out_of_order...
INFO:     out_of_order check complete (0.000457 sec).
INFO: checking system...
INFO:     system check complete (0.000037 sec).
INFO: checking solvers...
INFO:     solvers check complete (0.000288 sec).
INFO: checking dup_inputs...
INFO:     dup_inputs check complete (0.000095 sec).
INFO: checking missing_recorders...
INFO:     missing_recorders check complete (0.000008 sec).
INFO: checking unserializable_options...
INFO:     unserializable_options check complete (0.000280 sec).
INFO: checking comp_has_no_outputs...
INFO:     comp_has_no_outputs check complete (0.000068 sec).
INFO: checking auto_ivc_warnings...
INFO:     auto_ivc_warnings check complete (0.000007 sec).
INFO: checking out_of_order...
INFO:     out_of_order check complete (0.000389 sec).
INFO: checking system...
INFO:     system check complete (0.000047 sec).
INFO: checking solvers...
INFO:     solvers check complete (0.000374 sec).
INFO: checking dup_inputs...
INFO:     dup_inputs check complete (0.000063 sec).
INFO: checking missing_recorders...
INFO:     missing_recorders check complete (0.000009 sec).
INFO: checking unserializable_options...
INFO:     unserializable_options check complete (0.000381 sec).
INFO: checking comp_has_no_outputs...
INFO:     comp_has_no_outputs check complete (0.000099 sec).
INFO: checking auto_ivc_warnings...
INFO:     auto_ivc_warnings check complete (0.000009 sec).
INFO: checking out_of_order...
INFO:     out_of_order check complete (0.000327 sec).
INFO: checking system...
INFO:     system check complete (0.000038 sec).
INFO: checking solvers...
INFO:     solvers check complete (0.000291 sec).
INFO: checking dup_inputs...
INFO:     dup_inputs check complete (0.000105 sec).
INFO: checking missing_recorders...
INFO:     missing_recorders check complete (0.000010 sec).
INFO: checking unserializable_options...
INFO:     unserializable_options check complete (0.000283 sec).
INFO: checking comp_has_no_outputs...
INFO:     comp_has_no_outputs check complete (0.000070 sec).
INFO: checking auto_ivc_warnings...
INFO:     auto_ivc_warnings check complete (0.000007 sec).
INFO: checking out_of_order...
INFO:     out_of_order check complete (0.000645 sec).
INFO: checking system...
INFO:     system check complete (0.000042 sec).
INFO: checking solvers...
INFO:     solvers check complete (0.000324 sec).
INFO: checking dup_inputs...
INFO:     dup_inputs check complete (0.000082 sec).
INFO: checking missing_recorders...
INFO:     missing_recorders check complete (0.000008 sec).
INFO: checking unserializable_options...
INFO:     unserializable_options check complete (0.000274 sec).
INFO: checking comp_has_no_outputs...
INFO:     comp_has_no_outputs check complete (0.000092 sec).
INFO: checking auto_ivc_warnings...
INFO:     auto_ivc_warnings check complete (0.000009 sec).
INFO: checking out_of_order...
INFO:     out_of_order check complete (0.000372 sec).
INFO: checking system...
INFO:     system check complete (0.000034 sec).
INFO: checking solvers...
INFO:     solvers check complete (0.000340 sec).
INFO: checking dup_inputs...
INFO:     dup_inputs check complete (0.000067 sec).
INFO: checking missing_recorders...
INFO:     missing_recorders check complete (0.000008 sec).
INFO: checking unserializable_options...
INFO:     unserializable_options check complete (0.000341 sec).
INFO: checking comp_has_no_outputs...
INFO:     comp_has_no_outputs check complete (0.000093 sec).
INFO: checking auto_ivc_warnings...
INFO:     auto_ivc_warnings check complete (0.000009 sec).
INFO: checking out_of_order...
INFO:     out_of_order check complete (0.000345 sec).
INFO: checking system...
INFO:     system check complete (0.000048 sec).
INFO: checking solvers...
INFO:     solvers check complete (0.000289 sec).
INFO: checking dup_inputs...
INFO:     dup_inputs check complete (0.000079 sec).
INFO: checking missing_recorders...
INFO:     missing_recorders check complete (0.000007 sec).
INFO: checking unserializable_options...
INFO:     unserializable_options check complete (0.000321 sec).
INFO: checking comp_has_no_outputs...
INFO:     comp_has_no_outputs check complete (0.000099 sec).
INFO: checking auto_ivc_warnings...
INFO:     auto_ivc_warnings check complete (0.000009 sec).
INFO: checking out_of_order...
INFO:     out_of_order check complete (0.000283 sec).
INFO: checking system...
INFO:     system check complete (0.000032 sec).
INFO: checking solvers...
INFO:     solvers check complete (0.000304 sec).
INFO: checking dup_inputs...
INFO:     dup_inputs check complete (0.000072 sec).
INFO: checking missing_recorders...
INFO:     missing_recorders check complete (0.000009 sec).
INFO: checking unserializable_options...
INFO:     unserializable_options check complete (0.000242 sec).
INFO: checking comp_has_no_outputs...
INFO:     comp_has_no_outputs check complete (0.000124 sec).
INFO: checking auto_ivc_warnings...
INFO:     auto_ivc_warnings check complete (0.000007 sec).
INFO: checking out_of_order...
INFO:     out_of_order check complete (0.000863 sec).
INFO: checking system...
INFO:     system check complete (0.000038 sec).
INFO: checking solvers...
INFO:     solvers check complete (0.000346 sec).
INFO: checking dup_inputs...
INFO:     dup_inputs check complete (0.000078 sec).
INFO: checking missing_recorders...
INFO:     missing_recorders check complete (0.000008 sec).
INFO: checking unserializable_options...
INFO:     unserializable_options check complete (0.000274 sec).
INFO: checking comp_has_no_outputs...
INFO:     comp_has_no_outputs check complete (0.000070 sec).
INFO: checking auto_ivc_warnings...
INFO:     auto_ivc_warnings check complete (0.000008 sec).
INFO: checking out_of_order...
INFO:     out_of_order check complete (0.000319 sec).
INFO: checking system...
INFO:     system check complete (0.000036 sec).
INFO: checking solvers...
INFO:     solvers check complete (0.000312 sec).
INFO: checking dup_inputs...
INFO:     dup_inputs check complete (0.000063 sec).
INFO: checking missing_recorders...
INFO:     missing_recorders check complete (0.000007 sec).
INFO: checking unserializable_options...
INFO:     unserializable_options check complete (0.000236 sec).
INFO: checking comp_has_no_outputs...
INFO:     comp_has_no_outputs check complete (0.000065 sec).
INFO: checking auto_ivc_warnings...
INFO:     auto_ivc_warnings check complete (0.000010 sec).
